Updating 61a1833..f9b6276
[master d057175] Checkpoint work to git
 2 files changed, 2 insertions(+)
 create mode 100644 gitlog.txt
 create mode 100644 workscript.log
On branch master
Your branch and 'origin/master' have diverged,
and have 1 and 1 different commit each, respectively.
  (use "git pull" to merge the remote branch into yours)
Changes not staged for commit:
  (use "git add <file>..." to update what will be committed)
  (use "git checkout -- <file>..." to discard changes in working directory)

	modified:   workscript.log

no changes added to commit (use "git add" and/or "git commit -a")
[master e5b6387] Checkpoint work to git
 1 file changed, 15 insertions(+)
On branch master
Your branch and 'origin/master' have diverged,
and have 2 and 1 different commit each, respectively.
  (use "git pull" to merge the remote branch into yours)
Changes not staged for commit:
  (use "git add <file>..." to update what will be committed)
  (use "git checkout -- <file>..." to discard changes in working directory)

	modified:   workscript.log

no changes added to commit (use "git add" and/or "git commit -a")
[master 5c61058] Checkpoint work to git
 1 file changed, 13 insertions(+)
On branch master
Your branch and 'origin/master' have diverged,
and have 3 and 1 different commit each, respectively.
  (use "git pull" to merge the remote branch into yours)
Changes not staged for commit:
  (use "git add <file>..." to update what will be committed)
  (use "git checkout -- <file>..." to discard changes in working directory)

	modified:   workscript.log

no changes added to commit (use "git add" and/or "git commit -a")
Auto-merging gitlog.txt
CONFLICT (add/add): Merge conflict in gitlog.txt
Automatic merge failed; fix conflicts and then commit the result.
[master 0c31743] Checkpoint work to git
On branch master
Your branch is up-to-date with 'origin/master'.
Changes not staged for commit:
  (use "git add <file>..." to update what will be committed)
  (use "git checkout -- <file>..." to discard changes in working directory)

	modified:   workscript.log

no changes added to commit (use "git add" and/or "git commit -a")
Already up-to-date.
Already up-to-date.
[master 9f937b1] Checkpoint work to git
 1 file changed, 12 insertions(+)
On branch master
Your branch is up-to-date with 'origin/master'.
Changes not staged for commit:
  (use "git add <file>..." to update what will be committed)
  (use "git checkout -- <file>..." to discard changes in working directory)

	modified:   workscript.log

no changes added to commit (use "git add" and/or "git commit -a")
Already up-to-date.
Already up-to-date.
Already up-to-date.
Already up-to-date.
[master 89181f7] Checkpoint work to git
 1 file changed, 15 insertions(+)
On branch master
Your branch is up-to-date with 'origin/master'.
Changes not staged for commit:
  (use "git add <file>..." to update what will be committed)
  (use "git checkout -- <file>..." to discard changes in working directory)

	modified:   workscript.log

no changes added to commit (use "git add" and/or "git commit -a")
Updating 89181f7..bdc5be4
Updating 89181f7..bdc5be4
Updating 89181f7..bdc5be4
[master 5b7cd8e] Checkpoint work to git
 1 file changed, 14 insertions(+)
On branch master
Your branch and 'origin/master' have diverged,
and have 1 and 5 different commits each, respectively.
  (use "git pull" to merge the remote branch into yours)
Changes not staged for commit:
  (use "git add <file>..." to update what will be committed)
  (use "git checkout -- <file>..." to discard changes in working directory)

	modified:   workscript.log

no changes added to commit (use "git add" and/or "git commit -a")
[master 83d2e19] Checkpoint work to git
 1 file changed, 13 insertions(+)
On branch master
Your branch and 'origin/master' have diverged,
and have 2 and 5 different commits each, respectively.
  (use "git pull" to merge the remote branch into yours)
Changes not staged for commit:
  (use "git add <file>..." to update what will be committed)
  (use "git checkout -- <file>..." to discard changes in working directory)

	modified:   workscript.log

no changes added to commit (use "git add" and/or "git commit -a")
